processing configuration /home/oliver/Documents/prothos/prothos-amd64.config
searching modules in /home/oliver/Documents/prothos/../mythos/3rdparty/mcconf/stdmodules
searching modules in /home/oliver/Documents/prothos/mythos/kernel
loaded util-first-fit-heap-intrusive from /home/oliver/Documents/prothos/mythos/kernel/util/first-fit-heap-intrusive/mcconf.module
loaded kernel-amd64-pc from /home/oliver/Documents/prothos/mythos/kernel/boot/kernel-amd64-pc/mcconf.module
loaded kernelspace-amd64-pc from /home/oliver/Documents/prothos/mythos/kernel/boot/kernel-amd64-pc/mcconf.module
loaded cxxabi-app from /home/oliver/Documents/prothos/mythos/kernel/runtime/cxx/mcconf.module
loaded monitor-delegating from /home/oliver/Documents/prothos/mythos/kernel/async/monitor-delegating/mcconf.module
loaded simple-monitor-home from /home/oliver/Documents/prothos/mythos/kernel/async/simple-monitor-home/mcconf.module
loaded monitor-homed from /home/oliver/Documents/prothos/mythos/kernel/async/monitor-homed/mcconf.module
loaded objects-common from /home/oliver/Documents/prothos/mythos/kernel/objects/common/mcconf.module
loaded runtime-kobject from /home/oliver/Documents/prothos/mythos/kernel/runtime/kobject/mcconf.module
loaded kernel-bug-amd64 from /home/oliver/Documents/prothos/mythos/kernel/cpu/kernel-bug-amd64/mcconf.module
loaded plugin-test-caps from /home/oliver/Documents/prothos/mythos/kernel/plugins/test-caps/mcconf.module
loaded objects-scheduling-context from /home/oliver/Documents/prothos/mythos/kernel/objects/scheduling-context/mcconf.module
loaded thread-pause-delay from /home/oliver/Documents/prothos/mythos/kernel/cpu/hwthreadpause-delay/mcconf.module
loaded app-mlog from /home/oliver/Documents/prothos/mythos/kernel/runtime/mlog/mcconf.module
loaded runtime-mlog from /home/oliver/Documents/prothos/mythos/kernel/runtime/mlog/mcconf.module
loaded mythos-caps from /home/oliver/Documents/prothos/mythos/kernel/mythos/caps/mcconf.module
loaded mlog-base from /home/oliver/Documents/prothos/mythos/kernel/util/mlog-base/mcconf.module
loaded assert from /home/oliver/Documents/prothos/mythos/kernel/util/assert/mcconf.module
loaded apboot-common from /home/oliver/Documents/prothos/mythos/kernel/boot/apboot-common/mcconf.module
loaded cxxabi-kernel from /home/oliver/Documents/prothos/mythos/kernel/build/cxxabi-kernel/mcconf.module
loaded kmem-sfi from /home/oliver/Documents/prothos/mythos/kernel/boot/kmem-sfi/mcconf.module
loaded lapic-xapic from /home/oliver/Documents/prothos/mythos/kernel/cpu/lapic-xapic/mcconf.module
loaded util-tuple from /home/oliver/Documents/prothos/mythos/kernel/util/tuple/mcconf.module
loaded runtime-async from /home/oliver/Documents/prothos/mythos/kernel/runtime/async/mcconf.module
loaded invocation-mock from /home/oliver/Documents/prothos/mythos/kernel/plugins/invocation-mock/mcconf.module
loaded objects-portal from /home/oliver/Documents/prothos/mythos/kernel/objects/portal/mcconf.module
loaded serial-port from /home/oliver/Documents/prothos/mythos/kernel/cpu/serial-port/mcconf.module
loaded boot-init-loader-amd64 from /home/oliver/Documents/prothos/mythos/kernel/boot/init-loader-amd64/mcconf.module
loaded user-mutex-tidex from /home/oliver/Documents/prothos/mythos/kernel/util/tidex-mutex/mcconf.module
loaded thread-mutex-tidex from /home/oliver/Documents/prothos/mythos/kernel/util/tidex-mutex/mcconf.module
loaded util-mutex-tidex from /home/oliver/Documents/prothos/mythos/kernel/util/tidex-mutex/mcconf.module
loaded plugin-cpudriver-knc from /home/oliver/Documents/prothos/mythos/kernel/objects/cpudriver-knc/mcconf.module
loaded objects-cpudriver-knc from /home/oliver/Documents/prothos/mythos/kernel/objects/cpudriver-knc/mcconf.module
loaded error-trace from /home/oliver/Documents/prothos/mythos/kernel/util/error-trace/mcconf.module
loaded kmem-common from /home/oliver/Documents/prothos/mythos/kernel/boot/kmem-common/mcconf.module
loaded plugin-test-mem from /home/oliver/Documents/prothos/mythos/kernel/plugins/test-mem/mcconf.module
loaded emu-qemu-amd64 from /home/oliver/Documents/prothos/mythos/kernel/build/emu-quemu-amd64/mcconf.module
loaded plugin-test-places from /home/oliver/Documents/prothos/mythos/kernel/plugins/test-places/mcconf.module
loaded apboot-acpi from /home/oliver/Documents/prothos/mythos/kernel/boot/apboot-acpi/mcconf.module
loaded doxygen from /home/oliver/Documents/prothos/mythos/kernel/build/doxygen/mcconf.module
loaded apboot-intelmp from /home/oliver/Documents/prothos/mythos/kernel/boot/apboot-mp/mcconf.module
loaded stacktrace from /home/oliver/Documents/prothos/mythos/kernel/cpu/stacktrace/mcconf.module
loaded host-common from /home/oliver/Documents/prothos/mythos/kernel/host/host-common/mcconf.module
loaded fnv-1a from /home/oliver/Documents/prothos/mythos/kernel/util/fnv-1a/mcconf.module
loaded datatypes from /home/oliver/Documents/prothos/mythos/kernel/util/datatypes/mcconf.module
loaded gcc-kernel-knc from /home/oliver/Documents/prothos/mythos/kernel/build/gcc-kernel-knc/mcconf.module
loaded micrun-knc from /home/oliver/Documents/prothos/mythos/kernel/build/gcc-kernel-knc/mcconf.module
loaded nested-monitor-dummy from /home/oliver/Documents/prothos/mythos/kernel/async/nested-monitor-dummy/mcconf.module
loaded objects-execution-context from /home/oliver/Documents/prothos/mythos/kernel/objects/execution-context/mcconf.module
loaded objects_example from /home/oliver/Documents/prothos/mythos/kernel/objects/example/mcconf.module
loaded plugin-dump-multiboot from /home/oliver/Documents/prothos/mythos/kernel/plugins/dump-multiboot/mcconf.module
loaded segments-gdt-amd64 from /home/oliver/Documents/prothos/mythos/kernel/cpu/segments-amd64/mcconf.module
loaded segments-amd64 from /home/oliver/Documents/prothos/mythos/kernel/cpu/segments-amd64/mcconf.module
loaded clflush-amd64 from /home/oliver/Documents/prothos/mythos/kernel/cpu/clflush-amd64/mcconf.module
loaded mythos-init from /home/oliver/Documents/prothos/mythos/kernel/mythos/init/mcconf.module
loaded util-bitfield from /home/oliver/Documents/prothos/mythos/kernel/util/bitfield/mcconf.module
loaded util-linked-list from /home/oliver/Documents/prothos/mythos/kernel/util/linked-list/mcconf.module
loaded clflush-knc from /home/oliver/Documents/prothos/mythos/kernel/cpu/clflush-knc/mcconf.module
loaded monitor-common from /home/oliver/Documents/prothos/mythos/kernel/async/monitor-common/mcconf.module
loaded amd64-pc-kernelspace from /home/oliver/Documents/prothos/mythos/kernel/boot/kernelspace-amd64/mcconf.module
loaded kernel-entry-amd64 from /home/oliver/Documents/prothos/mythos/kernel/cpu/kernel-entry-amd64/mcconf.module
loaded nested-monitor-home from /home/oliver/Documents/prothos/mythos/kernel/async/nested-monitor-home/mcconf.module
loaded mstring from /home/oliver/Documents/prothos/mythos/kernel/util/string/mcconf.module
loaded lapic from /home/oliver/Documents/prothos/mythos/kernel/cpu/lapic/mcconf.module
loaded kernel-amd64-knc from /home/oliver/Documents/prothos/mythos/kernel/boot/kernel-amd64-knc/mcconf.module
loaded host-xmicterm from /home/oliver/Documents/prothos/mythos/kernel/host/xmicterm/mcconf.module
loaded ostream from /home/oliver/Documents/prothos/mythos/kernel/util/ostream/mcconf.module
loaded util-elf64 from /home/oliver/Documents/prothos/mythos/kernel/util/sys-structures/mcconf.module
loaded util-e820 from /home/oliver/Documents/prothos/mythos/kernel/util/sys-structures/mcconf.module
loaded util-acpi from /home/oliver/Documents/prothos/mythos/kernel/util/sys-structures/mcconf.module
loaded util-multiboot from /home/oliver/Documents/prothos/mythos/kernel/util/sys-structures/mcconf.module
loaded util-sfi from /home/oliver/Documents/prothos/mythos/kernel/util/sys-structures/mcconf.module
loaded util-intelmp from /home/oliver/Documents/prothos/mythos/kernel/util/sys-structures/mcconf.module
loaded amd64-cpu-regs from /home/oliver/Documents/prothos/mythos/kernel/cpu/ctrlregs-amd64/mcconf.module
loaded thread-pause-amd64 from /home/oliver/Documents/prothos/mythos/kernel/cpu/hwthreadpause-amd64/mcconf.module
loaded kmem-e820 from /home/oliver/Documents/prothos/mythos/kernel/boot/kmem-e820/mcconf.module
loaded util-castable from /home/oliver/Documents/prothos/mythos/kernel/util/castable/mcconf.module
loaded address from /home/oliver/Documents/prothos/mythos/kernel/util/address/mcconf.module
loaded apboot-sfi from /home/oliver/Documents/prothos/mythos/kernel/boot/apboot-sfi/mcconf.module
loaded kernel-threadid from /home/oliver/Documents/prothos/mythos/kernel/cpu/hwthreadid/mcconf.module
loaded pic-disable-x86 from /home/oliver/Documents/prothos/mythos/kernel/cpu/pic/mcconf.module
loaded kmem-multiboot from /home/oliver/Documents/prothos/mythos/kernel/boot/kmem-multiboot/mcconf.module
loaded runtime-memory from /home/oliver/Documents/prothos/mythos/kernel/runtime/memory/mcconf.module
loaded memory-root from /home/oliver/Documents/prothos/mythos/kernel/boot/memory-root/mcconf.module
loaded mythos-invocationBuffer from /home/oliver/Documents/prothos/mythos/kernel/mythos/invocation/mcconf.module
loaded gitignore from /home/oliver/Documents/prothos/mythos/kernel/build/gitignore/mcconf.module
loaded host-info-table-knc from /home/oliver/Documents/prothos/mythos/kernel/mythos/host-info-table-knc/mcconf.module
loaded mythos-pci-mpsc-queue from /home/oliver/Documents/prothos/mythos/kernel/mythos/pci-mpsc-queue/mcconf.module
loaded capability-spinning from /home/oliver/Documents/prothos/mythos/kernel/objects/capability-spinning/mcconf.module
loaded bochs-emu-amd64 from /home/oliver/Documents/prothos/mythos/kernel/build/emu-bochs-amd64/mcconf.module
loaded iso-image from /home/oliver/Documents/prothos/mythos/kernel/build/iso-image/iso-image.module
loaded objects-capmap from /home/oliver/Documents/prothos/mythos/kernel/objects/capmap/mcconf.module
loaded plugin-common from /home/oliver/Documents/prothos/mythos/kernel/plugins/common/mcconf.module
loaded capability-utils from /home/oliver/Documents/prothos/mythos/kernel/objects/capability-utils/mcconf.module
loaded app-common from /home/oliver/Documents/prothos/mythos/kernel/runtime/crt-init/mcconf.module
loaded kernel-main from /home/oliver/Documents/prothos/mythos/kernel/boot/kernel-main/mcconf.module
loaded mythos-error from /home/oliver/Documents/prothos/mythos/kernel/mythos/error/mcconf.module
loaded kernel-idle-hlt from /home/oliver/Documents/prothos/mythos/kernel/cpu/idle-hlt/mcconf.module
loaded amd64-cpu-fpu from /home/oliver/Documents/prothos/mythos/kernel/cpu/fpu-amd64/mcconf.module
loaded mlog-serial from /home/oliver/Documents/prothos/mythos/kernel/cpu/mlog-serial/mcconf.module
loaded nested-monitor-delegating from /home/oliver/Documents/prothos/mythos/kernel/async/nested-monitor-delegating/mcconf.module
loaded optional from /home/oliver/Documents/prothos/mythos/kernel/util/optional/mcconf.module
loaded cxx-globals from /home/oliver/Documents/prothos/mythos/kernel/boot/cxx-globals/mcconf.module
loaded gcc-host-pc from /home/oliver/Documents/prothos/mythos/kernel/build/gcc-host-pc/mcconf.module
loaded core-local-memory from /home/oliver/Documents/prothos/mythos/kernel/cpu/core-local-memory/mcconf.module
loaded host-init-channel from /home/oliver/Documents/prothos/mythos/kernel/host/init-channel/mcconf.module
loaded thread-mutex-delegating from /home/oliver/Documents/prothos/mythos/kernel/async/mutex-delegating/mcconf.module
loaded async-mutex-delegating from /home/oliver/Documents/prothos/mythos/kernel/async/mutex-delegating/mcconf.module
loaded monitor-stateless from /home/oliver/Documents/prothos/mythos/kernel/async/monitor-stateless/mcconf.module
loaded lapic-kncapic from /home/oliver/Documents/prothos/mythos/kernel/cpu/lapic-kncapic/mcconf.module
loaded kernel-idle-knc from /home/oliver/Documents/prothos/mythos/kernel/cpu/idle-knc/mcconf.module
loaded objects-memory-amd64 from /home/oliver/Documents/prothos/mythos/kernel/objects/memory-amd64/mcconf.module
loaded app-init-example from /home/oliver/Documents/prothos/mythos/kernel/app/init-example/mcconf.module
loaded host-pci-memaccess from /home/oliver/Documents/prothos/mythos/kernel/host/pci-memaccess/mcconf.module
loaded mlog-async from /home/oliver/Documents/prothos/mythos/kernel/async/mlog/mcconf.module
loaded objects-kernel-memory from /home/oliver/Documents/prothos/mythos/kernel/objects/kernel-memory/mcconf.module
loaded test-synchronous-task from /home/oliver/Documents/prothos/mythos/kernel/async/synchronous-task/mcconf.module
loaded synchronous-task from /home/oliver/Documents/prothos/mythos/kernel/async/synchronous-task/mcconf.module
loaded gcc-kernel-pc from /home/oliver/Documents/prothos/mythos/kernel/build/gcc-kernel-pc/mcconf.module
searching modules in /home/oliver/Documents/prothos/prothos
loaded runtime-prothos from /home/oliver/Documents/prothos/prothos/runtime/mcconf.module
loaded app-init-prothos from /home/oliver/Documents/prothos/prothos/app/mcconf.module
loaded thread-prothos from /home/oliver/Documents/prothos/prothos/thread/mcconf.module
loaded os-prothos from /home/oliver/Documents/prothos/prothos/os/mcconf.module
selecting module thread-mutex-delegating
selecting module os-prothos
selecting module thread-prothos
selecting module app-init-prothos
selecting module plugin-dump-multiboot
selecting module gitignore
Satisfy dependency runtime/mlog.hh with module app-mlog
selecting module app-mlog
Satisfy dependency functional with module cxxabi-app
selecting module cxxabi-app
Satisfy dependency runtime/SimpleCapAlloc.hh with module runtime-kobject
selecting module runtime-kobject
Discarded module gcc-host-pc because of unresolvable dependency on tag/mode/host
Satisfy dependency cstdint with module cxxabi-kernel
selecting module cxxabi-kernel
Discarded module host-common because of unresolvable dependency on tag/mode/host
Satisfy dependency util/PhysPtr.hh with module address
selecting module address
Discarded module gcc-host-pc because of unresolvable dependency on tag/mode/host
Satisfy dependency runtime/tls.hh with module runtime-memory
selecting module runtime-memory
Discarded module gcc-host-pc because of unresolvable dependency on tag/mode/host
Discarded module host-common because of unresolvable dependency on tag/mode/host
Satisfy dependency util/assert.hh with module assert
selecting module assert
Satisfy dependency tag/emu-bochs with module bochs-emu-amd64
selecting module bochs-emu-amd64
Satisfy dependency mythos/caps.hh with module mythos-caps
selecting module mythos-caps
Discarded module gcc-host-pc because of unresolvable dependency on tag/mode/host
Satisfy dependency mythos/PciMsgQueueMPSC.hh with module mythos-pci-mpsc-queue
selecting module mythos-pci-mpsc-queue
Satisfy dependency async/MutexDelegating.hh with module async-mutex-delegating
selecting module async-mutex-delegating
Discarded module gcc-host-pc because of unresolvable dependency on tag/mode/host
Satisfy dependency mythos/protocol/CpuDriverKNC.hh with module objects-cpudriver-knc
selecting module objects-cpudriver-knc
Satisfy dependency util/MultiBoot.hh with module util-multiboot
selecting module util-multiboot
Satisfy dependency boot32.elf with module kernel-amd64-pc
selecting module kernel-amd64-pc
Discarded module kernel-amd64-knc because of unresolvable dependency on tag/platform/knc
Satisfy dependency mythos/invocation.hh with module mythos-invocationBuffer
selecting module mythos-invocationBuffer
Satisfy dependency mythos/init.hh with module mythos-init
selecting module mythos-init
Satisfy dependency tag/emu-qemu with module emu-qemu-amd64
selecting module emu-qemu-amd64
Satisfy dependency plugins/Plugin.hh with module plugin-common
selecting module plugin-common
Discarded module gcc-host-pc because of unresolvable dependency on tag/mode/host
Discarded module kernel-amd64-knc because of unresolvable dependency on tag/platform/knc
Satisfy dependency crtbegin with module app-common
selecting module app-common
Satisfy dependency util/VectorMax.hh with module datatypes
selecting module datatypes
Satisfy dependency util/error-trace.hh with module error-trace
selecting module error-trace
Satisfy dependency cpu/stacktrace.hh with module stacktrace
selecting module stacktrace
Satisfy dependency objects/TypedCap.hh with module capability-utils
selecting module capability-utils
Discarded module gcc-kernel-knc because of unresolvable dependency on tag/platform/knc
Discarded module gcc-host-pc because of unresolvable dependency on tag/mode/host
Satisfy dependency util/compiler.hh with module gcc-kernel-pc
selecting module gcc-kernel-pc
Satisfy dependency mythos/Error.hh with module mythos-error
selecting module mythos-error
Satisfy dependency util/Logger.hh with module mlog-base
selecting module mlog-base
Satisfy dependency symbol/entry_ap with module kernel-main
selecting module kernel-main
Satisfy dependency util/elf64.hh with module util-elf64
selecting module util-elf64
Satisfy dependency util/bitfield.hh with module util-bitfield
selecting module util-bitfield
Satisfy dependency util/FirstFitHeap.hh with module util-first-fit-heap-intrusive
selecting module util-first-fit-heap-intrusive
Satisfy dependency runtime/PortalBase.hh with module runtime-async
selecting module runtime-async
Satisfy dependency objects/IFrame.hh with module objects-common
selecting module objects-common
Satisfy dependency boot.iso with module iso-image
selecting module iso-image
Satisfy dependency async/NestedMonitorDelegating.hh with module nested-monitor-delegating
selecting module nested-monitor-delegating
Discarded module gcc-host-pc because of unresolvable dependency on tag/mode/host
Satisfy dependency cpu/hwthreadid.hh with module kernel-threadid
selecting module kernel-threadid
Satisfy dependency async/Tasklet.hh with module monitor-common
selecting module monitor-common
Satisfy dependency mythos/HostInfoTable.hh with module host-info-table-knc
selecting module host-info-table-knc
Satisfy dependency util/optional.hh with module optional
selecting module optional
Satisfy dependency util/ostream.hh with module ostream
selecting module ostream
Discarded module clflush-knc because of unresolvable dependency on tag/cpu/clevict
Satisfy dependency cpu/clflush.hh with module clflush-amd64
selecting module clflush-amd64
Satisfy dependency runtime/DebugSink.cc with module runtime-mlog
selecting module runtime-mlog
Discarded module thread-pause-delay because of unresolvable dependency on tag/cpu/delay
Satisfy dependency cpu/hwthread_pause.hh with module thread-pause-amd64
selecting module thread-pause-amd64
Satisfy dependency cpu/MLogSinkSerial.hh with module mlog-serial
selecting module mlog-serial
Discarded module kernel-amd64-knc because of unresolvable dependency on tag/platform/knc
Satisfy dependency boot/memory-layout.h with module kernelspace-amd64-pc
selecting module kernelspace-amd64-pc
Satisfy dependency cpu/LAPIC.hh with module lapic
selecting module lapic
Satisfy dependency cpu/ctrlregs.hh with module amd64-cpu-regs
selecting module amd64-cpu-regs
Satisfy dependency async/mlog.hh with module mlog-async
selecting module mlog-async
Satisfy dependency boot/init-kernelspace-common.hh with module amd64-pc-kernelspace
selecting module amd64-pc-kernelspace
Satisfy dependency boot/DeployHWThread.hh with module apboot-common
selecting module apboot-common
Discarded module kernel-idle-knc because of unresolvable dependency on tag/platform/knc
Satisfy dependency cpu/idle.hh with module kernel-idle-hlt
selecting module kernel-idle-hlt
Satisfy dependency cpu/GdtAmd64.hh with module segments-gdt-amd64
selecting module segments-gdt-amd64
Satisfy dependency objects/CapEntry.hh with module capability-spinning
selecting module capability-spinning
Satisfy dependency util/TidexMutex.hh with module util-mutex-tidex
selecting module util-mutex-tidex
Satisfy dependency boot/cxx-globals.hh with module cxx-globals
selecting module cxx-globals
Satisfy dependency cpu/IrqHandler.hh with module kernel-bug-amd64
selecting module kernel-bug-amd64
Satisfy dependency boot/memory-root.hh with module memory-root
selecting module memory-root
Satisfy dependency cpu/CoreLocal.hh with module core-local-memory
selecting module core-local-memory
Satisfy dependency cpu/IdtAmd64.hh with module kernel-entry-amd64
selecting module kernel-entry-amd64
Satisfy dependency objects/StaticMemoryRegion.hh with module objects-memory-amd64
selecting module objects-memory-amd64
Satisfy dependency util/LinkedList.hh with module util-linked-list
selecting module util-linked-list
Satisfy dependency util/mstring.hh with module mstring
selecting module mstring
Discarded module gcc-host-pc because of unresolvable dependency on tag/mode/host
Satisfy dependency objects/KernelMemory.hh with module objects-kernel-memory
selecting module objects-kernel-memory
Satisfy dependency boot/load_init.hh with module boot-init-loader-amd64
selecting module boot-init-loader-amd64
Satisfy dependency cpu/fpu.hh with module amd64-cpu-fpu
selecting module amd64-cpu-fpu
Satisfy dependency util/hash.hh with module fnv-1a
selecting module fnv-1a
Satisfy dependency objects/SchedulingContext.hh with module objects-scheduling-context
selecting module objects-scheduling-context
Discarded module apboot-acpi because of unresolvable dependency on tag/boot/acpi
Discarded module apboot-sfi because of unresolvable dependency on tag/boot/sfi
Satisfy dependency boot/apboot.hh with module apboot-intelmp
selecting module apboot-intelmp
Satisfy dependency cpu/SerialStreamBuf.hh with module serial-port
selecting module serial-port
Satisfy dependency util/ICastable.hh with module util-castable
selecting module util-castable
Discarded module kmem-sfi because of unresolvable dependency on tag/boot/sfi
Discarded module kmem-e820 because of unresolvable dependency on tag/boot/e820
Satisfy dependency boot/kmem.hh with module kmem-multiboot
selecting module kmem-multiboot
Satisfy dependency objects/CapMap.hh with module objects-capmap
selecting module objects-capmap
Satisfy dependency cpu/PIC.hh with module pic-disable-x86
selecting module pic-disable-x86
Discarded module gcc-host-pc because of unresolvable dependency on tag/mode/host
Satisfy dependency objects/ExecutionContext.hh with module objects-execution-context
selecting module objects-execution-context
Discarded module lapic-kncapic because of unresolvable dependency on tag/cpu/kncapic
Satisfy dependency cpu/LAPICdef.hh with module lapic-xapic
selecting module lapic-xapic
Satisfy dependency cpu/SegmentDescriptor.hh with module segments-amd64
selecting module segments-amd64
Satisfy dependency objects/Portal.hh with module objects-portal
selecting module objects-portal
Satisfy dependency util/MPApicTopology.hh with module util-intelmp
selecting module util-intelmp
Satisfy dependency async/SimpleMonitorHome.hh with module simple-monitor-home
selecting module simple-monitor-home
Satisfy dependency boot/kmem-common.hh with module kmem-common
selecting module kmem-common
Satisfy dependency objects/Example.hh with module objects_example
selecting module objects_example
Satisfy dependency async/SynchronousTask.hh with module synchronous-task
selecting module synchronous-task
Discarded module gcc-host-pc because of unresolvable dependency on tag/mode/host
Discarded module gcc-host-pc because of unresolvable dependency on tag/mode/host
added modules to resolve dependencies: address, amd64-cpu-fpu, amd64-cpu-regs, amd64-pc-kernelspace, apboot-common, apboot-intelmp, app-common, app-mlog, assert, async-mutex-delegating, bochs-emu-amd64, boot-init-loader-amd64, capability-spinning, capability-utils, clflush-amd64, core-local-memory, cxx-globals, cxxabi-app, cxxabi-kernel, datatypes, emu-qemu-amd64, error-trace, fnv-1a, gcc-kernel-pc, host-info-table-knc, iso-image, kernel-amd64-pc, kernel-bug-amd64, kernel-entry-amd64, kernel-idle-hlt, kernel-main, kernel-threadid, kernelspace-amd64-pc, kmem-common, kmem-multiboot, lapic, lapic-xapic, memory-root, mlog-async, mlog-base, mlog-serial, monitor-common, mstring, mythos-caps, mythos-error, mythos-init, mythos-invocationBuffer, mythos-pci-mpsc-queue, nested-monitor-delegating, objects-capmap, objects-common, objects-cpudriver-knc, objects-execution-context, objects-kernel-memory, objects-memory-amd64, objects-portal, objects-scheduling-context, objects_example, optional, ostream, pic-disable-x86, plugin-common, runtime-async, runtime-kobject, runtime-memory, runtime-mlog, segments-amd64, segments-gdt-amd64, serial-port, simple-monitor-home, stacktrace, synchronous-task, thread-pause-amd64, util-bitfield, util-castable, util-elf64, util-first-fit-heap-intrusive, util-intelmp, util-linked-list, util-multiboot, util-mutex-tidex
unresolved dependency Makefile required by [] provided by []
unresolved dependency memory required by [thread-prothos] provided by [gcc-host-pc]
installing file /home/oliver/Documents/prothos/mythos/kernel/objects/memory-amd64/objects/PageMapAmd64.cc to /home/oliver/Documents/prothos/prothos-amd64/objects/PageMapAmd64.cc mode link from module objects-memory-amd64
installing file /home/oliver/Documents/prothos/mythos/kernel/async/mutex-delegating/async/MutexDelegating.cc to /home/oliver/Documents/prothos/prothos-amd64/async/MutexDelegating.cc mode link from module async-mutex-delegating
installing file /home/oliver/Documents/prothos/mythos/kernel/objects/memory-amd64/objects/PML4InvalidationBroadcastAmd64.cc to /home/oliver/Documents/prothos/prothos-amd64/objects/PML4InvalidationBroadcastAmd64.cc mode link from module objects-memory-amd64
installing file /home/oliver/Documents/prothos/mythos/kernel/objects/capability-utils/objects/ops.cc to /home/oliver/Documents/prothos/prothos-amd64/objects/ops.cc mode link from module capability-utils
installing file /home/oliver/Documents/prothos/mythos/kernel/async/mutex-delegating/util/ThreadMutex.hh to /home/oliver/Documents/prothos/prothos-amd64/util/ThreadMutex.hh mode link from module thread-mutex-delegating
installing file /home/oliver/Documents/prothos/mythos/kernel/cpu/hwthreadid/cpu/hwthreadid.cc to /home/oliver/Documents/prothos/prothos-amd64/cpu/hwthreadid.cc mode link from module kernel-threadid
installing file /home/oliver/Documents/prothos/mythos/kernel/objects/capability-utils/objects/TypedCap.hh to /home/oliver/Documents/prothos/prothos-amd64/objects/TypedCap.hh mode link from module capability-utils
installing file /home/oliver/Documents/prothos/mythos/kernel/boot/cxx-globals/boot/cxx-globals.hh to /home/oliver/Documents/prothos/prothos-amd64/boot/cxx-globals.hh mode link from module cxx-globals
installing file /home/oliver/Documents/prothos/mythos/kernel/objects/capability-spinning/objects/RevokeOperation.cc to /home/oliver/Documents/prothos/prothos-amd64/objects/RevokeOperation.cc mode link from module capability-spinning
installing file /home/oliver/Documents/prothos/mythos/kernel/async/mlog/async/mlog.hh to /home/oliver/Documents/prothos/prothos-amd64/async/mlog.hh mode link from module mlog-async
installing file /home/oliver/Documents/prothos/prothos/thread/thread/ThreadId.hh to /home/oliver/Documents/prothos/prothos-amd64/thread/ThreadId.hh mode link from module thread-prothos
installing file /home/oliver/Documents/prothos/prothos/thread/thread/ThreadState.hh to /home/oliver/Documents/prothos/prothos-amd64/thread/ThreadState.hh mode link from module thread-prothos
installing file /home/oliver/Documents/prothos/mythos/kernel/cpu/kernel-bug-amd64/cpu/IrqHandler.hh to /home/oliver/Documents/prothos/prothos-amd64/cpu/IrqHandler.hh mode link from module kernel-bug-amd64
installing file /home/oliver/Documents/prothos/mythos/kernel/util/sys-structures/util/elf64.hh to /home/oliver/Documents/prothos/prothos-amd64/util/elf64.hh mode link from module util-elf64
installing file /home/oliver/Documents/prothos/mythos/kernel/boot/apboot-mp/boot/apboot.hh to /home/oliver/Documents/prothos/prothos-amd64/boot/apboot.hh mode link from module apboot-intelmp
installing file /home/oliver/Documents/prothos/mythos/kernel/util/assert/util/assert.hh to /home/oliver/Documents/prothos/prothos-amd64/util/assert.hh mode link from module assert
installing file /home/oliver/Documents/prothos/mythos/kernel/async/nested-monitor-delegating/async/NestedMonitorDelegating.cc to /home/oliver/Documents/prothos/prothos-amd64/async/NestedMonitorDelegating.cc mode link from module nested-monitor-delegating
installing file /home/oliver/Documents/prothos/mythos/kernel/runtime/async/runtime/PortalBase.hh to /home/oliver/Documents/prothos/prothos-amd64/runtime/PortalBase.hh mode link from module runtime-async
installing file /home/oliver/Documents/prothos/mythos/kernel/mythos/invocation/mythos/protocol/PageMap.hh to /home/oliver/Documents/prothos/prothos-amd64/mythos/protocol/PageMap.hh mode link from module mythos-invocationBuffer
installing file /home/oliver/Documents/prothos/mythos/kernel/runtime/memory/runtime/brk.hh to /home/oliver/Documents/prothos/prothos-amd64/runtime/brk.hh mode link from module runtime-memory
installing file /home/oliver/Documents/prothos/mythos/kernel/async/mlog/async/mlog.cc to /home/oliver/Documents/prothos/prothos-amd64/async/mlog.cc mode link from module mlog-async
installing file /home/oliver/Documents/prothos/prothos/thread/thread/PortalPool.hh to /home/oliver/Documents/prothos/prothos-amd64/thread/PortalPool.hh mode link from module thread-prothos
installing file /home/oliver/Documents/prothos/mythos/kernel/objects/common/objects/IAllocator.hh to /home/oliver/Documents/prothos/prothos-amd64/objects/IAllocator.hh mode link from module objects-common
installing file /home/oliver/Documents/prothos/mythos/kernel/util/mlog-base/util/Logger.cc to /home/oliver/Documents/prothos/prothos-amd64/util/Logger.cc mode link from module mlog-base
installing file /home/oliver/Documents/prothos/mythos/kernel/objects/capability-spinning/objects/CapEntry.cc to /home/oliver/Documents/prothos/prothos-amd64/objects/CapEntry.cc mode link from module capability-spinning
installing file /home/oliver/Documents/prothos/mythos/kernel/objects/common/objects/IFrame.hh to /home/oliver/Documents/prothos/prothos-amd64/objects/IFrame.hh mode link from module objects-common
installing file /home/oliver/Documents/prothos/mythos/kernel/objects/common/objects/IScheduler.hh to /home/oliver/Documents/prothos/prothos-amd64/objects/IScheduler.hh mode link from module objects-common
installing file /home/oliver/Documents/prothos/prothos/thread/thread/ThreadStack.hh to /home/oliver/Documents/prothos/prothos-amd64/thread/ThreadStack.hh mode link from module thread-prothos
installing file /home/oliver/Documents/prothos/mythos/kernel/objects/cpudriver-knc/mythos/protocol/CpuDriverKNC.hh to /home/oliver/Documents/prothos/prothos-amd64/mythos/protocol/CpuDriverKNC.hh mode link from module objects-cpudriver-knc
installing file /home/oliver/Documents/prothos/mythos/kernel/runtime/memory/runtime/tls.cc to /home/oliver/Documents/prothos/prothos-amd64/runtime/tls.cc mode link from module runtime-memory
installing file /home/oliver/Documents/prothos/mythos/kernel/objects/common/objects/ISchedulable.hh to /home/oliver/Documents/prothos/prothos-amd64/objects/ISchedulable.hh mode link from module objects-common
installing file /home/oliver/Documents/prothos/mythos/kernel/boot/init-loader-amd64/boot/load_init.hh to /home/oliver/Documents/prothos/prothos-amd64/boot/load_init.hh mode link from module boot-init-loader-amd64
installing file /home/oliver/Documents/prothos/mythos/kernel/boot/kmem-multiboot/boot/kmem.cc to /home/oliver/Documents/prothos/prothos-amd64/boot/kmem.cc mode link from module kmem-multiboot
installing file /home/oliver/Documents/prothos/mythos/kernel/cpu/lapic-xapic/cpu/LAPICdef.hh to /home/oliver/Documents/prothos/prothos-amd64/cpu/LAPICdef.hh mode link from module lapic-xapic
installing file /home/oliver/Documents/prothos/mythos/kernel/async/monitor-common/async/DeletionMonitor.hh to /home/oliver/Documents/prothos/prothos-amd64/async/DeletionMonitor.hh mode link from module monitor-common
installing file /home/oliver/Documents/prothos/mythos/kernel/cpu/segments-amd64/cpu/GdtAmd64.hh to /home/oliver/Documents/prothos/prothos-amd64/cpu/GdtAmd64.hh mode link from module segments-gdt-amd64
installing file /home/oliver/Documents/prothos/mythos/kernel/util/optional/util/optional.hh to /home/oliver/Documents/prothos/prothos-amd64/util/optional.hh mode link from module optional
installing file /home/oliver/Documents/prothos/mythos/kernel/cpu/idle-hlt/cpu/idle_lowlevel.S to /home/oliver/Documents/prothos/prothos-amd64/cpu/idle_lowlevel.S mode link from module kernel-idle-hlt
installing file /home/oliver/Documents/prothos/mythos/kernel/build/cxxabi-kernel/util/stl/string to /home/oliver/Documents/prothos/prothos-amd64/util/stl/string mode link from module cxxabi-kernel
installing file /home/oliver/Documents/prothos/mythos/kernel/cpu/segments-amd64/cpu/SegmentDescriptor.hh to /home/oliver/Documents/prothos/prothos-amd64/cpu/SegmentDescriptor.hh mode link from module segments-amd64
installing file /home/oliver/Documents/prothos/mythos/kernel/build/cxxabi-kernel/util/cxxsupport.cc to /home/oliver/Documents/prothos/prothos-amd64/util/cxxsupport.cc mode link from module cxxabi-kernel
installing file /home/oliver/Documents/prothos/mythos/kernel/cpu/kernel-entry-amd64/cpu/kernel_entry.hh to /home/oliver/Documents/prothos/prothos-amd64/cpu/kernel_entry.hh mode link from module kernel-entry-amd64
installing file /home/oliver/Documents/prothos/mythos/kernel/build/iso-image/boot/isodir/boot/grub/grub.cfg to /home/oliver/Documents/prothos/prothos-amd64/boot/isodir/boot/grub/grub.cfg mode copy from module iso-image
installing file /home/oliver/Documents/prothos/mythos/kernel/boot/init-loader-amd64/boot/load_init.cc to /home/oliver/Documents/prothos/prothos-amd64/boot/load_init.cc mode link from module boot-init-loader-amd64
installing file /home/oliver/Documents/prothos/mythos/kernel/cpu/serial-port/cpu/SerialStreamBuf.hh to /home/oliver/Documents/prothos/prothos-amd64/cpu/SerialStreamBuf.hh mode link from module serial-port
installing file /home/oliver/Documents/prothos/mythos/kernel/objects/portal/objects/Portal.cc to /home/oliver/Documents/prothos/prothos-amd64/objects/Portal.cc mode link from module objects-portal
installing file /home/oliver/Documents/prothos/mythos/kernel/runtime/kobject/runtime/SimpleCapAlloc.hh to /home/oliver/Documents/prothos/prothos-amd64/runtime/SimpleCapAlloc.hh mode link from module runtime-kobject
installing file /home/oliver/Documents/prothos/mythos/kernel/objects/example/objects/Example.cc to /home/oliver/Documents/prothos/prothos-amd64/objects/Example.cc mode link from module objects_example
installing file /home/oliver/Documents/prothos/mythos/kernel/mythos/invocation/mythos/protocol/Frame.hh to /home/oliver/Documents/prothos/prothos-amd64/mythos/protocol/Frame.hh mode link from module mythos-invocationBuffer
installing file /home/oliver/Documents/prothos/mythos/kernel/objects/scheduling-context/objects/SchedulingContext.cc to /home/oliver/Documents/prothos/prothos-amd64/objects/SchedulingContext.cc mode link from module objects-scheduling-context
installing file /home/oliver/Documents/prothos/mythos/kernel/build/cxxabi-kernel/util/stl/bits/stdlib-float.h to /home/oliver/Documents/prothos/prothos-amd64/util/stl/bits/stdlib-float.h mode link from module cxxabi-kernel
installing file /home/oliver/Documents/prothos/mythos/kernel/cpu/kernel-entry-amd64/cpu/thread-state-layout.h to /home/oliver/Documents/prothos/prothos-amd64/cpu/thread-state-layout.h mode link from module kernel-entry-amd64
installing file /home/oliver/Documents/prothos/mythos/kernel/cpu/mlog-serial/cpu/MLogSinkSerial.hh to /home/oliver/Documents/prothos/prothos-amd64/cpu/MLogSinkSerial.hh mode link from module mlog-serial
installing file /home/oliver/Documents/prothos/mythos/kernel/boot/apboot-mp/boot/apboot.cc to /home/oliver/Documents/prothos/prothos-amd64/boot/apboot.cc mode link from module apboot-intelmp
installing file /home/oliver/Documents/prothos/mythos/kernel/boot/kernel-amd64-pc/boot/memory-layout.h to /home/oliver/Documents/prothos/prothos-amd64/boot/memory-layout.h mode link from module kernelspace-amd64-pc
installing file /home/oliver/Documents/prothos/mythos/kernel/mythos/invocation/mythos/InvocationBuf.hh to /home/oliver/Documents/prothos/prothos-amd64/mythos/InvocationBuf.hh mode link from module mythos-invocationBuffer
installing file /home/oliver/Documents/prothos/mythos/kernel/cpu/lapic/cpu/LAPIC.hh to /home/oliver/Documents/prothos/prothos-amd64/cpu/LAPIC.hh mode link from module lapic
installing file /home/oliver/Documents/prothos/mythos/kernel/cpu/core-local-memory/cpu/CoreLocal.cc to /home/oliver/Documents/prothos/prothos-amd64/cpu/CoreLocal.cc mode link from module core-local-memory
installing file /home/oliver/Documents/prothos/mythos/kernel/cpu/ctrlregs-amd64/cpu/ctrlregs.hh to /home/oliver/Documents/prothos/prothos-amd64/cpu/ctrlregs.hh mode link from module amd64-cpu-regs
installing file /home/oliver/Documents/prothos/mythos/kernel/mythos/invocation/mythos/protocol/KernelObject.hh to /home/oliver/Documents/prothos/prothos-amd64/mythos/protocol/KernelObject.hh mode link from module mythos-invocationBuffer
installing file /home/oliver/Documents/prothos/mythos/kernel/async/monitor-common/async/Place.cc to /home/oliver/Documents/prothos/prothos-amd64/async/Place.cc mode link from module monitor-common
installing file /home/oliver/Documents/prothos/mythos/kernel/util/datatypes/util/VectorMax.hh to /home/oliver/Documents/prothos/prothos-amd64/util/VectorMax.hh mode link from module datatypes
installing file /home/oliver/Documents/prothos/mythos/kernel/boot/kernelspace-amd64/boot/init-kernelspace-common.hh to /home/oliver/Documents/prothos/prothos-amd64/boot/init-kernelspace-common.hh mode link from module amd64-pc-kernelspace
installing file /home/oliver/Documents/prothos/mythos/kernel/cpu/stacktrace/cpu/stacktrace.hh to /home/oliver/Documents/prothos/prothos-amd64/cpu/stacktrace.hh mode link from module stacktrace
installing file /home/oliver/Documents/prothos/mythos/kernel/async/monitor-common/async/Tasklet.hh to /home/oliver/Documents/prothos/prothos-amd64/async/Tasklet.hh mode link from module monitor-common
installing file /home/oliver/Documents/prothos/mythos/kernel/runtime/memory/runtime/brk.cc to /home/oliver/Documents/prothos/prothos-amd64/runtime/brk.cc mode link from module runtime-memory
installing file /home/oliver/Documents/prothos/mythos/kernel/objects/memory-amd64/objects/FrameDataAmd64.hh to /home/oliver/Documents/prothos/prothos-amd64/objects/FrameDataAmd64.hh mode link from module objects-memory-amd64
installing file /home/oliver/Documents/prothos/mythos/kernel/mythos/invocation/mythos/protocol/CapMap.hh to /home/oliver/Documents/prothos/prothos-amd64/mythos/protocol/CapMap.hh mode link from module mythos-invocationBuffer
installing file /home/oliver/Documents/prothos/mythos/kernel/util/ostream/util/streambuf.hh to /home/oliver/Documents/prothos/prothos-amd64/util/streambuf.hh mode link from module ostream
installing file /home/oliver/Documents/prothos/mythos/kernel/runtime/cxx/runtime/string.cc to /home/oliver/Documents/prothos/prothos-amd64/runtime/string.cc mode link from module cxxabi-app
installing file /home/oliver/Documents/prothos/mythos/kernel/cpu/kernel-entry-amd64/cpu/irq_entry.S to /home/oliver/Documents/prothos/prothos-amd64/cpu/irq_entry.S mode link from module kernel-entry-amd64
installing file /home/oliver/Documents/prothos/mythos/kernel/async/monitor-common/async/Place.hh to /home/oliver/Documents/prothos/prothos-amd64/async/Place.hh mode link from module monitor-common
installing file /home/oliver/Documents/prothos/mythos/kernel/util/bitfield/util/bitfield.hh to /home/oliver/Documents/prothos/prothos-amd64/util/bitfield.hh mode link from module util-bitfield
installing file /home/oliver/Documents/prothos/mythos/kernel/mythos/pci-mpsc-queue/mythos/PciMsgQueueMPSC.hh to /home/oliver/Documents/prothos/prothos-amd64/mythos/PciMsgQueueMPSC.hh mode link from module mythos-pci-mpsc-queue
installing file /home/oliver/Documents/prothos/mythos/kernel/util/mlog-base/util/ISink.hh to /home/oliver/Documents/prothos/prothos-amd64/util/ISink.hh mode link from module mlog-base
installing file /home/oliver/Documents/prothos/prothos/os/os/OS.cc to /home/oliver/Documents/prothos/prothos-amd64/os/OS.cc mode link from module os-prothos
installing file /home/oliver/Documents/prothos/mythos/kernel/cpu/kernel-entry-amd64/cpu/IdtAmd64.hh to /home/oliver/Documents/prothos/prothos-amd64/cpu/IdtAmd64.hh mode link from module kernel-entry-amd64
installing file /home/oliver/Documents/prothos/mythos/kernel/plugins/dump-multiboot/plugins/dump_multiboot.cc to /home/oliver/Documents/prothos/prothos-amd64/plugins/dump_multiboot.cc mode link from module plugin-dump-multiboot
installing file /home/oliver/Documents/prothos/mythos/kernel/runtime/mlog/runtime/mlog.cc to /home/oliver/Documents/prothos/prothos-amd64/runtime/mlog.cc mode link from module app-mlog
installing file /home/oliver/Documents/prothos/mythos/kernel/objects/memory-amd64/objects/StaticMemoryRegion.hh to /home/oliver/Documents/prothos/prothos-amd64/objects/StaticMemoryRegion.hh mode link from module objects-memory-amd64
installing file /home/oliver/Documents/prothos/mythos/kernel/objects/portal/objects/Portal.hh to /home/oliver/Documents/prothos/prothos-amd64/objects/Portal.hh mode link from module objects-portal
installing file /home/oliver/Documents/prothos/mythos/kernel/boot/kernelspace-amd64/boot/memory-layout-common.h to /home/oliver/Documents/prothos/prothos-amd64/boot/memory-layout-common.h mode link from module amd64-pc-kernelspace
installing file /home/oliver/Documents/prothos/mythos/kernel/boot/kernelspace-amd64/boot/init-kernelspace-common.cc to /home/oliver/Documents/prothos/prothos-amd64/boot/init-kernelspace-common.cc mode link from module amd64-pc-kernelspace
installing file /home/oliver/Documents/prothos/mythos/kernel/util/mlog-base/util/TextMsg.hh to /home/oliver/Documents/prothos/prothos-amd64/util/TextMsg.hh mode link from module mlog-base
installing file /home/oliver/Documents/prothos/mythos/kernel/cpu/segments-amd64/cpu/tss64.hh to /home/oliver/Documents/prothos/prothos-amd64/cpu/tss64.hh mode link from module segments-amd64
installing file /home/oliver/Documents/prothos/mythos/kernel/boot/kernel-amd64-pc/boot/mlog.hh to /home/oliver/Documents/prothos/prothos-amd64/boot/mlog.hh mode link from module kernel-amd64-pc
installing file /home/oliver/Documents/prothos/mythos/kernel/objects/capability-utils/objects/DeleteBroadcast.hh to /home/oliver/Documents/prothos/prothos-amd64/objects/DeleteBroadcast.hh mode link from module capability-utils
installing file /home/oliver/Documents/prothos/mythos/kernel/async/mutex-delegating/async/MutexDelegating.hh to /home/oliver/Documents/prothos/prothos-amd64/async/MutexDelegating.hh mode link from module async-mutex-delegating
installing file /home/oliver/Documents/prothos/mythos/kernel/objects/kernel-memory/objects/KernelMemory.hh to /home/oliver/Documents/prothos/prothos-amd64/objects/KernelMemory.hh mode link from module objects-kernel-memory
installing file /home/oliver/Documents/prothos/mythos/kernel/objects/common/objects/IFactory.hh to /home/oliver/Documents/prothos/prothos-amd64/objects/IFactory.hh mode link from module objects-common
installing file /home/oliver/Documents/prothos/mythos/kernel/mythos/invocation/mythos/syscall.hh to /home/oliver/Documents/prothos/prothos-amd64/mythos/syscall.hh mode link from module mythos-invocationBuffer
installing file /home/oliver/Documents/prothos/prothos/thread/thread/Thread.cc to /home/oliver/Documents/prothos/prothos-amd64/thread/Thread.cc mode link from module thread-prothos
installing file /home/oliver/Documents/prothos/mythos/kernel/runtime/kobject/runtime/CapMap.hh to /home/oliver/Documents/prothos/prothos-amd64/runtime/CapMap.hh mode link from module runtime-kobject
installing file /home/oliver/Documents/prothos/mythos/kernel/objects/common/objects/IPortal.hh to /home/oliver/Documents/prothos/prothos-amd64/objects/IPortal.hh mode link from module objects-common
installing file /home/oliver/Documents/prothos/mythos/kernel/objects/memory-amd64/objects/MemoryRoot.hh to /home/oliver/Documents/prothos/prothos-amd64/objects/MemoryRoot.hh mode link from module objects-memory-amd64
installing file /home/oliver/Documents/prothos/mythos/kernel/objects/capmap/objects/CapMap.hh to /home/oliver/Documents/prothos/prothos-amd64/objects/CapMap.hh mode link from module objects-capmap
installing file /home/oliver/Documents/prothos/mythos/kernel/boot/init-loader-amd64/boot/init_image.S to /home/oliver/Documents/prothos/prothos-amd64/boot/init_image.S mode link from module boot-init-loader-amd64
installing file /home/oliver/Documents/prothos/mythos/kernel/runtime/mlog/runtime/DebugSink.cc to /home/oliver/Documents/prothos/prothos-amd64/runtime/DebugSink.cc mode link from module runtime-mlog
installing file /home/oliver/Documents/prothos/mythos/kernel/cpu/serial-port/cpu/SerialPort.hh to /home/oliver/Documents/prothos/prothos-amd64/cpu/SerialPort.hh mode link from module serial-port
installing file /home/oliver/Documents/prothos/mythos/kernel/cpu/lapic/cpu/LAPIC.cc to /home/oliver/Documents/prothos/prothos-amd64/cpu/LAPIC.cc mode link from module lapic
installing file /home/oliver/Documents/prothos/mythos/kernel/util/address/util/Range.hh to /home/oliver/Documents/prothos/prothos-amd64/util/Range.hh mode link from module address
installing file /home/oliver/Documents/prothos/mythos/kernel/runtime/kobject/runtime/Portal.hh to /home/oliver/Documents/prothos/prothos-amd64/runtime/Portal.hh mode link from module runtime-kobject
installing file /home/oliver/Documents/prothos/mythos/kernel/mythos/init/mythos/init.hh to /home/oliver/Documents/prothos/prothos-amd64/mythos/init.hh mode link from module mythos-init
installing file /home/oliver/Documents/prothos/mythos/kernel/objects/cpudriver-knc/objects/CpuDriverKNC.cc to /home/oliver/Documents/prothos/prothos-amd64/objects/CpuDriverKNC.cc mode link from module objects-cpudriver-knc
installing file /home/oliver/Documents/prothos/prothos/thread/thread/PortalPool.cc to /home/oliver/Documents/prothos/prothos-amd64/thread/PortalPool.cc mode link from module thread-prothos
installing file /home/oliver/Documents/prothos/mythos/kernel/async/nested-monitor-delegating/async/NestedMonitorDelegating.hh to /home/oliver/Documents/prothos/prothos-amd64/async/NestedMonitorDelegating.hh mode link from module nested-monitor-delegating
installing file /home/oliver/Documents/prothos/mythos/kernel/objects/common/objects/mlog.hh to /home/oliver/Documents/prothos/prothos-amd64/objects/mlog.hh mode link from module objects-common
installing file /home/oliver/Documents/prothos/mythos/kernel/objects/capability-spinning/objects/RevokeOperation.hh to /home/oliver/Documents/prothos/prothos-amd64/objects/RevokeOperation.hh mode link from module capability-spinning
installing file /home/oliver/Documents/prothos/mythos/kernel/async/monitor-common/async/TaskletQueue.hh to /home/oliver/Documents/prothos/prothos-amd64/async/TaskletQueue.hh mode link from module monitor-common
installing file /home/oliver/Documents/prothos/mythos/kernel/mythos/invocation/mythos/protocol/Example.hh to /home/oliver/Documents/prothos/prothos-amd64/mythos/protocol/Example.hh mode link from module mythos-invocationBuffer
installing file /home/oliver/Documents/prothos/mythos/kernel/boot/apboot-common/boot/DeployHWThread.cc to /home/oliver/Documents/prothos/prothos-amd64/boot/DeployHWThread.cc mode link from module apboot-common
installing file /home/oliver/Documents/prothos/mythos/kernel/build/cxxabi-kernel/util/stl/stdexcept to /home/oliver/Documents/prothos/prothos-amd64/util/stl/stdexcept mode link from module cxxabi-kernel
installing file /home/oliver/Documents/prothos/mythos/kernel/build/cxxabi-kernel/util/string.cc to /home/oliver/Documents/prothos/prothos-amd64/util/string.cc mode link from module cxxabi-kernel
installing file /home/oliver/Documents/prothos/mythos/kernel/plugins/common/plugins/Plugin.hh to /home/oliver/Documents/prothos/prothos-amd64/plugins/Plugin.hh mode link from module plugin-common
installing file /home/oliver/Documents/prothos/mythos/kernel/build/emu-bochs-amd64/mako_bochs.rc to /home/oliver/Documents/prothos/prothos-amd64/bochs.rc mode mako from module bochs-emu-amd64
installing file /home/oliver/Documents/prothos/mythos/kernel/cpu/kernel-bug-amd64/cpu/IrqHandler.cc to /home/oliver/Documents/prothos/prothos-amd64/cpu/IrqHandler.cc mode link from module kernel-bug-amd64
installing file /home/oliver/Documents/prothos/mythos/kernel/runtime/kobject/runtime/KernelMemory.hh to /home/oliver/Documents/prothos/prothos-amd64/runtime/KernelMemory.hh mode link from module runtime-kobject
installing file /home/oliver/Documents/prothos/prothos/os/os/OS.hh to /home/oliver/Documents/prothos/prothos-amd64/os/OS.hh mode link from module os-prothos
installing file /home/oliver/Documents/prothos/mythos/kernel/objects/capmap/objects/CapMap.cc to /home/oliver/Documents/prothos/prothos-amd64/objects/CapMap.cc mode link from module objects-capmap
installing file /home/oliver/Documents/prothos/mythos/kernel/util/datatypes/util/BacktrackBuffer.hh to /home/oliver/Documents/prothos/prothos-amd64/util/BacktrackBuffer.hh mode link from module datatypes
installing file /home/oliver/Documents/prothos/mythos/kernel/runtime/kobject/runtime/ExecutionContext.hh to /home/oliver/Documents/prothos/prothos-amd64/runtime/ExecutionContext.hh mode link from module runtime-kobject
installing file /home/oliver/Documents/prothos/mythos/kernel/util/address/util/RangeSet.hh to /home/oliver/Documents/prothos/prothos-amd64/util/RangeSet.hh mode link from module address
installing file /home/oliver/Documents/prothos/mythos/kernel/objects/capability-utils/objects/CapRef.cc to /home/oliver/Documents/prothos/prothos-amd64/objects/CapRef.cc mode link from module capability-utils
installing file /home/oliver/Documents/prothos/mythos/kernel/mythos/invocation/mythos/protocol/ExecutionContext.hh to /home/oliver/Documents/prothos/prothos-amd64/mythos/protocol/ExecutionContext.hh mode link from module mythos-invocationBuffer
installing file /home/oliver/Documents/prothos/mythos/kernel/util/mlog-base/util/Filter.hh to /home/oliver/Documents/prothos/prothos-amd64/util/Filter.hh mode link from module mlog-base
installing file /home/oliver/Documents/prothos/mythos/kernel/objects/common/objects/mlog.cc to /home/oliver/Documents/prothos/prothos-amd64/objects/mlog.cc mode link from module objects-common
installing file /home/oliver/Documents/prothos/mythos/kernel/objects/kernel-memory/objects/KernelMemory.cc to /home/oliver/Documents/prothos/prothos-amd64/objects/KernelMemory.cc mode link from module objects-kernel-memory
installing file /home/oliver/Documents/prothos/mythos/kernel/runtime/async/runtime/ISysretHandler.hh to /home/oliver/Documents/prothos/prothos-amd64/runtime/ISysretHandler.hh mode link from module runtime-async
installing file /home/oliver/Documents/prothos/mythos/kernel/util/assert/util/assert.cc to /home/oliver/Documents/prothos/prothos-amd64/util/assert.cc mode link from module assert
installing file /home/oliver/Documents/prothos/mythos/kernel/runtime/crt-init/runtime/crtbegin.cc to /home/oliver/Documents/prothos/prothos-amd64/runtime/crtbegin.cc mode link from module app-common
installing file /home/oliver/Documents/prothos/mythos/kernel/boot/apboot-common/boot/DeployHWThread.hh to /home/oliver/Documents/prothos/prothos-amd64/boot/DeployHWThread.hh mode link from module apboot-common
installing file /home/oliver/Documents/prothos/mythos/kernel/cpu/idle-hlt/cpu/idle.hh to /home/oliver/Documents/prothos/prothos-amd64/cpu/idle.hh mode link from module kernel-idle-hlt
installing file /home/oliver/Documents/prothos/mythos/kernel/cpu/kernel-entry-amd64/cpu/IdtAmd64.cc to /home/oliver/Documents/prothos/prothos-amd64/cpu/IdtAmd64.cc mode link from module kernel-entry-amd64
installing file /home/oliver/Documents/prothos/mythos/kernel/util/address/util/PhysPtr.hh to /home/oliver/Documents/prothos/prothos-amd64/util/PhysPtr.hh mode link from module address
installing file /home/oliver/Documents/prothos/mythos/kernel/build/gitignore/.gitignore to /home/oliver/Documents/prothos/prothos-amd64/.gitignore mode link from module gitignore
installing file /home/oliver/Documents/prothos/mythos/kernel/boot/kmem-common/boot/kmem-common.hh to /home/oliver/Documents/prothos/prothos-amd64/boot/kmem-common.hh mode link from module kmem-common
installing file /home/oliver/Documents/prothos/mythos/kernel/objects/common/objects/Cap.hh to /home/oliver/Documents/prothos/prothos-amd64/objects/Cap.hh mode link from module objects-common
installing file /home/oliver/Documents/prothos/mythos/kernel/boot/kernel-amd64-pc/boot/DeployKernelSpace.hh to /home/oliver/Documents/prothos/prothos-amd64/boot/DeployKernelSpace.hh mode link from module kernelspace-amd64-pc
installing file /home/oliver/Documents/prothos/mythos/kernel/runtime/memory/runtime/tls.hh to /home/oliver/Documents/prothos/prothos-amd64/runtime/tls.hh mode link from module runtime-memory
installing file /home/oliver/Documents/prothos/prothos/app/app/init.cc to /home/oliver/Documents/prothos/prothos-amd64/app/init.cc mode link from module app-init-prothos
installing file /home/oliver/Documents/prothos/mythos/kernel/cpu/mlog-serial/cpu/MLogSinkSerial.cc to /home/oliver/Documents/prothos/prothos-amd64/cpu/MLogSinkSerial.cc mode link from module mlog-serial
installing file /home/oliver/Documents/prothos/mythos/kernel/boot/memory-root/boot/memory-root.hh to /home/oliver/Documents/prothos/prothos-amd64/boot/memory-root.hh mode link from module memory-root
installing file /home/oliver/Documents/prothos/mythos/kernel/boot/kernelspace-amd64/boot/pagetables.cc.m4 to /home/oliver/Documents/prothos/prothos-amd64/boot/pagetables.cc.m4 mode link from module amd64-pc-kernelspace
installing file /home/oliver/Documents/prothos/mythos/kernel/objects/cpudriver-knc/objects/CpuDriverKNC.hh to /home/oliver/Documents/prothos/prothos-amd64/objects/CpuDriverKNC.hh mode link from module objects-cpudriver-knc
installing file /home/oliver/Documents/prothos/mythos/kernel/objects/capability-utils/objects/ops.hh to /home/oliver/Documents/prothos/prothos-amd64/objects/ops.hh mode link from module capability-utils
installing file /home/oliver/Documents/prothos/mythos/kernel/util/first-fit-heap-intrusive/util/FirstFitHeap.hh to /home/oliver/Documents/prothos/prothos-amd64/util/FirstFitHeap.hh mode link from module util-first-fit-heap-intrusive
installing file /home/oliver/Documents/prothos/mythos/kernel/objects/common/objects/IKernelObject.hh to /home/oliver/Documents/prothos/prothos-amd64/objects/IKernelObject.hh mode link from module objects-common
installing file /home/oliver/Documents/prothos/prothos/thread/thread/ThreadStack.cc to /home/oliver/Documents/prothos/prothos-amd64/thread/ThreadStack.cc mode link from module thread-prothos
installing file /home/oliver/Documents/prothos/mythos/kernel/util/address/util/alignments.hh to /home/oliver/Documents/prothos/prothos-amd64/util/alignments.hh mode link from module address
installing file /home/oliver/Documents/prothos/mythos/kernel/runtime/kobject/runtime/Frame.hh to /home/oliver/Documents/prothos/prothos-amd64/runtime/Frame.hh mode link from module runtime-kobject
installing file /home/oliver/Documents/prothos/mythos/kernel/boot/kernel-main/boot/boot.ld to /home/oliver/Documents/prothos/prothos-amd64/boot/boot.ld mode link from module kernel-main
installing file /home/oliver/Documents/prothos/mythos/kernel/util/linked-list/util/LinkedList.hh to /home/oliver/Documents/prothos/prothos-amd64/util/LinkedList.hh mode link from module util-linked-list
installing file /home/oliver/Documents/prothos/mythos/kernel/runtime/memory/runtime/umem.hh to /home/oliver/Documents/prothos/prothos-amd64/runtime/umem.hh mode link from module runtime-memory
installing file /home/oliver/Documents/prothos/mythos/kernel/cpu/clflush-amd64/cpu/clflush.hh to /home/oliver/Documents/prothos/prothos-amd64/cpu/clflush.hh mode link from module clflush-amd64
installing file /home/oliver/Documents/prothos/mythos/kernel/plugins/common/plugins/Plugin.cc to /home/oliver/Documents/prothos/prothos-amd64/plugins/Plugin.cc mode link from module plugin-common
installing file /home/oliver/Documents/prothos/mythos/kernel/cpu/hwthreadid/cpu/hwthreadid.hh to /home/oliver/Documents/prothos/prothos-amd64/cpu/hwthreadid.hh mode link from module kernel-threadid
installing file /home/oliver/Documents/prothos/mythos/kernel/boot/kernelspace-amd64/boot/pagetables.hh to /home/oliver/Documents/prothos/prothos-amd64/boot/pagetables.hh mode link from module amd64-pc-kernelspace
installing file /home/oliver/Documents/prothos/mythos/kernel/cpu/kernel-entry-amd64/cpu/IRQDescriptorAmd64.hh to /home/oliver/Documents/prothos/prothos-amd64/cpu/IRQDescriptorAmd64.hh mode link from module kernel-entry-amd64
installing file /home/oliver/Documents/prothos/mythos/kernel/boot/kernel-main/boot/kernel.cc to /home/oliver/Documents/prothos/prothos-amd64/boot/kernel.cc mode link from module kernel-main
installing file /home/oliver/Documents/prothos/mythos/kernel/objects/memory-amd64/objects/PageMapAmd64.hh to /home/oliver/Documents/prothos/prothos-amd64/objects/PageMapAmd64.hh mode link from module objects-memory-amd64
installing file /home/oliver/Documents/prothos/mythos/kernel/build/cxxabi-kernel/util/stl/bits/std_abs.h to /home/oliver/Documents/prothos/prothos-amd64/util/stl/bits/std_abs.h mode link from module cxxabi-kernel
installing file /home/oliver/Documents/prothos/mythos/kernel/cpu/fpu-amd64/cpu/fpu.hh to /home/oliver/Documents/prothos/prothos-amd64/cpu/fpu.hh mode link from module amd64-cpu-fpu
installing file /home/oliver/Documents/prothos/prothos/thread/thread/ThreadState.cc to /home/oliver/Documents/prothos/prothos-amd64/thread/ThreadState.cc mode link from module thread-prothos
installing file /home/oliver/Documents/prothos/mythos/kernel/objects/memory-amd64/objects/MemoryRegion.cc to /home/oliver/Documents/prothos/prothos-amd64/objects/MemoryRegion.cc mode link from module objects-memory-amd64
installing file /home/oliver/Documents/prothos/mythos/kernel/objects/common/objects/IInvocation.hh to /home/oliver/Documents/prothos/prothos-amd64/objects/IInvocation.hh mode link from module objects-common
installing file /home/oliver/Documents/prothos/mythos/kernel/runtime/cxx/runtime/cxxsupport.cc to /home/oliver/Documents/prothos/prothos-amd64/runtime/cxxsupport.cc mode link from module cxxabi-app
installing file /home/oliver/Documents/prothos/mythos/kernel/util/assert/util/assert-user.cc to /home/oliver/Documents/prothos/prothos-amd64/util/assert-user.cc mode link from module assert
installing file /home/oliver/Documents/prothos/mythos/kernel/objects/capability-utils/objects/DeleteBroadcast.cc to /home/oliver/Documents/prothos/prothos-amd64/objects/DeleteBroadcast.cc mode link from module capability-utils
installing file /home/oliver/Documents/prothos/mythos/kernel/util/sys-structures/util/MPApicTopology.hh to /home/oliver/Documents/prothos/prothos-amd64/util/MPApicTopology.hh mode link from module util-intelmp
installing file /home/oliver/Documents/prothos/mythos/kernel/objects/scheduling-context/objects/SchedulingContext.hh to /home/oliver/Documents/prothos/prothos-amd64/objects/SchedulingContext.hh mode link from module objects-scheduling-context
installing file /home/oliver/Documents/prothos/mythos/kernel/runtime/async/runtime/FutureBase.hh to /home/oliver/Documents/prothos/prothos-amd64/runtime/FutureBase.hh mode link from module runtime-async
installing file /home/oliver/Documents/prothos/mythos/kernel/util/ostream/util/ostream.hh to /home/oliver/Documents/prothos/prothos-amd64/util/ostream.hh mode link from module ostream
installing file /home/oliver/Documents/prothos/mythos/kernel/boot/kernel-amd64-pc/boot/start.S to /home/oliver/Documents/prothos/prothos-amd64/boot/start.S mode link from module kernel-amd64-pc
installing file /home/oliver/Documents/prothos/prothos/thread/thread/Thread.hh to /home/oliver/Documents/prothos/prothos-amd64/thread/Thread.hh mode link from module thread-prothos
installing file /home/oliver/Documents/prothos/mythos/kernel/objects/memory-amd64/objects/PML4InvalidationBroadcastAmd64.hh to /home/oliver/Documents/prothos/prothos-amd64/objects/PML4InvalidationBroadcastAmd64.hh mode link from module objects-memory-amd64
installing file /home/oliver/Documents/prothos/mythos/kernel/util/mlog-base/util/TextMsgHelpers.hh to /home/oliver/Documents/prothos/prothos-amd64/util/TextMsgHelpers.hh mode link from module mlog-base
installing file /home/oliver/Documents/prothos/mythos/kernel/objects/execution-context/objects/ExecutionContext.cc to /home/oliver/Documents/prothos/prothos-amd64/objects/ExecutionContext.cc mode link from module objects-execution-context
installing file /home/oliver/Documents/prothos/mythos/kernel/cpu/segments-amd64/cpu/gdt-layout.h to /home/oliver/Documents/prothos/prothos-amd64/cpu/gdt-layout.h mode link from module segments-gdt-amd64
installing file /home/oliver/Documents/prothos/mythos/kernel/objects/common/objects/DebugMessage.cc to /home/oliver/Documents/prothos/prothos-amd64/objects/DebugMessage.cc mode link from module objects-common
installing file /home/oliver/Documents/prothos/mythos/kernel/objects/memory-amd64/objects/FrameAmd64.hh to /home/oliver/Documents/prothos/prothos-amd64/objects/FrameAmd64.hh mode link from module objects-memory-amd64
installing file /home/oliver/Documents/prothos/mythos/kernel/mythos/invocation/mythos/protocol/Portal.hh to /home/oliver/Documents/prothos/prothos-amd64/mythos/protocol/Portal.hh mode link from module mythos-invocationBuffer
installing file /home/oliver/Documents/prothos/mythos/kernel/runtime/memory/runtime/SequentialHeap.hh to /home/oliver/Documents/prothos/prothos-amd64/runtime/SequentialHeap.hh mode link from module runtime-memory
installing file /home/oliver/Documents/prothos/mythos/kernel/runtime/kobject/runtime/PageMap.hh to /home/oliver/Documents/prothos/prothos-amd64/runtime/PageMap.hh mode link from module runtime-kobject
installing file /home/oliver/Documents/prothos/mythos/kernel/runtime/async/runtime/Tasklet.hh to /home/oliver/Documents/prothos/prothos-amd64/runtime/Tasklet.hh mode link from module runtime-async
installing file /home/oliver/Documents/prothos/mythos/kernel/mythos/caps/mythos/caps.hh to /home/oliver/Documents/prothos/prothos-amd64/mythos/caps.hh mode link from module mythos-caps
installing file /home/oliver/Documents/prothos/mythos/kernel/plugins/common/plugins/TestPlugin.hh to /home/oliver/Documents/prothos/prothos-amd64/plugins/TestPlugin.hh mode link from module plugin-common
installing file /home/oliver/Documents/prothos/mythos/kernel/build/cxxabi-kernel/util/stl/cstring to /home/oliver/Documents/prothos/prothos-amd64/util/stl/cstring mode link from module cxxabi-kernel
installing file /home/oliver/Documents/prothos/mythos/kernel/runtime/cxx/runtime/cxxdelete.cc to /home/oliver/Documents/prothos/prothos-amd64/runtime/cxxdelete.cc mode link from module cxxabi-app
installing file /home/oliver/Documents/prothos/mythos/kernel/cpu/pic/cpu/PIC.hh to /home/oliver/Documents/prothos/prothos-amd64/cpu/PIC.hh mode link from module pic-disable-x86
installing file /home/oliver/Documents/prothos/mythos/kernel/objects/common/objects/DebugMessage.hh to /home/oliver/Documents/prothos/prothos-amd64/objects/DebugMessage.hh mode link from module objects-common
installing file /home/oliver/Documents/prothos/mythos/kernel/boot/kernelspace-amd64/boot/pagetables.cc to /home/oliver/Documents/prothos/prothos-amd64/boot/pagetables.cc mode link from module amd64-pc-kernelspace
installing file /home/oliver/Documents/prothos/mythos/kernel/runtime/mlog/runtime/mlog.hh to /home/oliver/Documents/prothos/prothos-amd64/runtime/mlog.hh mode link from module app-mlog
installing file /home/oliver/Documents/prothos/mythos/kernel/util/castable/util/ICastable.hh to /home/oliver/Documents/prothos/prothos-amd64/util/ICastable.hh mode link from module util-castable
installing file /home/oliver/Documents/prothos/mythos/kernel/runtime/crt-init/runtime/start.S to /home/oliver/Documents/prothos/prothos-amd64/runtime/start.S mode link from module app-common
installing file /home/oliver/Documents/prothos/prothos/thread/thread/ThreadId.cc to /home/oliver/Documents/prothos/prothos-amd64/thread/ThreadId.cc mode link from module thread-prothos
installing file /home/oliver/Documents/prothos/mythos/kernel/boot/kmem-multiboot/boot/kmem.hh to /home/oliver/Documents/prothos/prothos-amd64/boot/kmem.hh mode link from module kmem-multiboot
installing file /home/oliver/Documents/prothos/mythos/kernel/build/cxxabi-kernel/util/cxxdelete.cc to /home/oliver/Documents/prothos/prothos-amd64/util/cxxdelete.cc mode link from module cxxabi-kernel
installing file /home/oliver/Documents/prothos/mythos/kernel/util/ostream/util/MemStreamBuf.hh to /home/oliver/Documents/prothos/prothos-amd64/util/MemStreamBuf.hh mode link from module ostream
installing file /home/oliver/Documents/prothos/mythos/kernel/util/ostream/util/FixedStreamBuf.hh to /home/oliver/Documents/prothos/prothos-amd64/util/FixedStreamBuf.hh mode link from module ostream
installing file /home/oliver/Documents/prothos/mythos/kernel/objects/capability-spinning/objects/CapEntry.hh to /home/oliver/Documents/prothos/prothos-amd64/objects/CapEntry.hh mode link from module capability-spinning
installing file /home/oliver/Documents/prothos/mythos/kernel/build/gcc-kernel-pc/util/compiler.hh to /home/oliver/Documents/prothos/prothos-amd64/util/compiler.hh mode link from module gcc-kernel-pc
installing file /home/oliver/Documents/prothos/mythos/kernel/objects/common/objects/INotifiable.hh to /home/oliver/Documents/prothos/prothos-amd64/objects/INotifiable.hh mode link from module objects-common
installing file /home/oliver/Documents/prothos/mythos/kernel/mythos/error/mythos/Error.hh to /home/oliver/Documents/prothos/prothos-amd64/mythos/Error.hh mode link from module mythos-error
installing file /home/oliver/Documents/prothos/mythos/kernel/util/mlog-base/util/Logger.hh to /home/oliver/Documents/prothos/prothos-amd64/util/Logger.hh mode link from module mlog-base
installing file /home/oliver/Documents/prothos/mythos/kernel/runtime/crt-init/runtime/crtend.S to /home/oliver/Documents/prothos/prothos-amd64/runtime/crtend.S mode link from module app-common
installing file /home/oliver/Documents/prothos/mythos/kernel/runtime/async/runtime/FutureBase.cc to /home/oliver/Documents/prothos/prothos-amd64/runtime/FutureBase.cc mode link from module runtime-async
installing file /home/oliver/Documents/prothos/mythos/kernel/mythos/invocation/mythos/protocol/common.hh to /home/oliver/Documents/prothos/prothos-amd64/mythos/protocol/common.hh mode link from module mythos-invocationBuffer
installing file /home/oliver/Documents/prothos/mythos/kernel/util/error-trace/util/error-trace.cc to /home/oliver/Documents/prothos/prothos-amd64/util/error-trace.cc mode link from module error-trace
installing file /home/oliver/Documents/prothos/mythos/kernel/util/tidex-mutex/util/TidexMutex.hh to /home/oliver/Documents/prothos/prothos-amd64/util/TidexMutex.hh mode link from module util-mutex-tidex
installing file /home/oliver/Documents/prothos/mythos/kernel/cpu/core-local-memory/cpu/CoreLocal.hh to /home/oliver/Documents/prothos/prothos-amd64/cpu/CoreLocal.hh mode link from module core-local-memory
installing file /home/oliver/Documents/prothos/mythos/kernel/build/cxxabi-kernel/util/stl/algorithm to /home/oliver/Documents/prothos/prothos-amd64/util/stl/algorithm mode link from module cxxabi-kernel
installing file /home/oliver/Documents/prothos/mythos/kernel/objects/common/objects/ISchedulable.cc to /home/oliver/Documents/prothos/prothos-amd64/objects/ISchedulable.cc mode link from module objects-common
installing file /home/oliver/Documents/prothos/mythos/kernel/util/string/util/mstring.hh to /home/oliver/Documents/prothos/prothos-amd64/util/mstring.hh mode link from module mstring
installing file /home/oliver/Documents/prothos/mythos/kernel/objects/common/objects/INotification.hh to /home/oliver/Documents/prothos/prothos-amd64/objects/INotification.hh mode link from module objects-common
installing file /home/oliver/Documents/prothos/mythos/kernel/objects/capability-utils/objects/CapRef.hh to /home/oliver/Documents/prothos/prothos-amd64/objects/CapRef.hh mode link from module capability-utils
installing file /home/oliver/Documents/prothos/mythos/kernel/objects/example/objects/Example.hh to /home/oliver/Documents/prothos/prothos-amd64/objects/Example.hh mode link from module objects_example
installing file /home/oliver/Documents/prothos/mythos/kernel/async/synchronous-task/async/SynchronousTask.hh to /home/oliver/Documents/prothos/prothos-amd64/async/SynchronousTask.hh mode link from module synchronous-task
installing file /home/oliver/Documents/prothos/mythos/kernel/mythos/invocation/mythos/protocol/KernelMemory.hh to /home/oliver/Documents/prothos/prothos-amd64/mythos/protocol/KernelMemory.hh mode link from module mythos-invocationBuffer
installing file /home/oliver/Documents/prothos/mythos/kernel/runtime/memory/runtime/umem.cc to /home/oliver/Documents/prothos/prothos-amd64/runtime/umem.cc mode link from module runtime-memory
installing file /home/oliver/Documents/prothos/mythos/kernel/cpu/kernel-entry-amd64/cpu/syscall_entry.S to /home/oliver/Documents/prothos/prothos-amd64/cpu/syscall_entry.S mode link from module kernel-entry-amd64
installing file /home/oliver/Documents/prothos/mythos/kernel/util/sys-structures/util/MultiBoot.hh to /home/oliver/Documents/prothos/prothos-amd64/util/MultiBoot.hh mode link from module util-multiboot
installing file /home/oliver/Documents/prothos/mythos/kernel/boot/memory-root/boot/memory-root.cc to /home/oliver/Documents/prothos/prothos-amd64/boot/memory-root.cc mode link from module memory-root
installing file /home/oliver/Documents/prothos/mythos/kernel/objects/memory-amd64/objects/MemoryRegion.hh to /home/oliver/Documents/prothos/prothos-amd64/objects/MemoryRegion.hh mode link from module objects-memory-amd64
installing file /home/oliver/Documents/prothos/mythos/kernel/mythos/host-info-table-knc/mythos/HostInfoTable.hh to /home/oliver/Documents/prothos/prothos-amd64/mythos/HostInfoTable.hh mode link from module host-info-table-knc
installing file /home/oliver/Documents/prothos/mythos/kernel/objects/common/objects/IPageMap.hh to /home/oliver/Documents/prothos/prothos-amd64/objects/IPageMap.hh mode link from module objects-common
installing file /home/oliver/Documents/prothos/mythos/kernel/util/fnv-1a/util/hash.hh to /home/oliver/Documents/prothos/prothos-amd64/util/hash.hh mode link from module fnv-1a
installing file /home/oliver/Documents/prothos/mythos/kernel/mythos/invocation/mythos/invocation.hh to /home/oliver/Documents/prothos/prothos-amd64/mythos/invocation.hh mode link from module mythos-invocationBuffer
installing file /home/oliver/Documents/prothos/mythos/kernel/boot/kernel-amd64-pc/boot/mlog.cc to /home/oliver/Documents/prothos/prothos-amd64/boot/mlog.cc mode link from module kernel-amd64-pc
installing file /home/oliver/Documents/prothos/mythos/kernel/util/error-trace/util/error-trace.hh to /home/oliver/Documents/prothos/prothos-amd64/util/error-trace.hh mode link from module error-trace
installing file /home/oliver/Documents/prothos/mythos/kernel/objects/common/objects/IDeleter.hh to /home/oliver/Documents/prothos/prothos-amd64/objects/IDeleter.hh mode link from module objects-common
installing file /home/oliver/Documents/prothos/mythos/kernel/runtime/kobject/runtime/Example.hh to /home/oliver/Documents/prothos/prothos-amd64/runtime/Example.hh mode link from module runtime-kobject
installing file /home/oliver/Documents/prothos/mythos/kernel/objects/common/objects/ICapMap.hh to /home/oliver/Documents/prothos/prothos-amd64/objects/ICapMap.hh mode link from module objects-common
installing file /home/oliver/Documents/prothos/mythos/kernel/plugins/common/plugins/events.hh to /home/oliver/Documents/prothos/prothos-amd64/plugins/events.hh mode link from module plugin-common
installing file /home/oliver/Documents/prothos/mythos/kernel/cpu/kernel-entry-amd64/cpu/kernel_entry.cc to /home/oliver/Documents/prothos/prothos-amd64/cpu/kernel_entry.cc mode link from module kernel-entry-amd64
installing file /home/oliver/Documents/prothos/mythos/kernel/async/monitor-common/async/IResult.hh to /home/oliver/Documents/prothos/prothos-amd64/async/IResult.hh mode link from module monitor-common
installing file /home/oliver/Documents/prothos/mythos/kernel/util/ostream/util/TeeStreamBuf.hh to /home/oliver/Documents/prothos/prothos-amd64/util/TeeStreamBuf.hh mode link from module ostream
installing file /home/oliver/Documents/prothos/mythos/kernel/objects/execution-context/objects/ExecutionContext.hh to /home/oliver/Documents/prothos/prothos-amd64/objects/ExecutionContext.hh mode link from module objects-execution-context
installing file /home/oliver/Documents/prothos/mythos/kernel/async/monitor-common/async/KFuture.hh to /home/oliver/Documents/prothos/prothos-amd64/async/KFuture.hh mode link from module monitor-common
installing file /home/oliver/Documents/prothos/mythos/kernel/cpu/hwthreadpause-amd64/cpu/hwthread_pause.hh to /home/oliver/Documents/prothos/prothos-amd64/cpu/hwthread_pause.hh mode link from module thread-pause-amd64
installing file /home/oliver/Documents/prothos/mythos/kernel/async/simple-monitor-home/async/SimpleMonitorHome.hh to /home/oliver/Documents/prothos/prothos-amd64/async/SimpleMonitorHome.hh mode link from module simple-monitor-home
